16:02,03/09/2019Building J K Landmark created
16:02,03/09/2019Building N R Tower created
16:02,03/09/2019Tenant prashu created
16:02,03/09/2019Tenant nikhil created
16:02,03/09/2019Tenant aayush created
16:02,03/09/2019Apartment 1 created
16:02,03/09/2019Apartment 2 created
16:02,03/09/2019Apartment 3 created
16:02,03/09/2019Building removed  J K Landmark16:02,03/09/2019Building J K Landmark created
16:02,03/09/2019Building N R Tower created
16:02,03/09/2019Tenant prashu created
16:02,03/09/2019Tenant nikhil created
16:02,03/09/2019Tenant aayush created
16:02,03/09/2019Apartment 1 created
16:02,03/09/2019Apartment 2 created
16:02,03/09/2019Apartment 3 created
16:02,03/09/2019Building removed  J K Landmark16:03,03/09/2019Building J K Landmark created
16:03,03/09/2019Building N R Tower created
16:03,03/09/2019Tenant prashu created
16:03,03/09/2019Tenant nikhil created
16:03,03/09/2019Tenant aayush created
16:03,03/09/2019Apartment 1 created
16:03,03/09/2019Apartment 2 created
16:03,03/09/2019Apartment 3 created
16:03,03/09/2019Building removed  J K Landmark16:04,03/09/2019Building J K Landmark created
16:04,03/09/2019Building N R Tower created
16:04,03/09/2019Tenant prashu created
16:04,03/09/2019Tenant nikhil created
16:04,03/09/2019Tenant aayush created
16:04,03/09/2019Apartment 1 created
16:04,03/09/2019Apartment 2 created
16:04,03/09/2019Apartment 3 created
16:04,03/09/2019Building removed  J K Landmark16:11,03/09/2019Building J K Landmark created
16:11,03/09/2019Building N R Tower created
16:11,03/09/2019Tenant prashu created
16:11,03/09/2019Tenant nikhil created
16:11,03/09/2019Tenant aayush created
16:11,03/09/2019Apartment 1 created
16:11,03/09/2019Apartment 2 created
16:11,03/09/2019Apartment 3 created
16:11,03/09/2019Building removed  J K Landmark
